0 verbose cli /usr/bin/node /usr/bin/npm
1 info using npm@8.19.2
2 info using node@v16.18.1
3 timing npm:load:whichnode Completed in 0ms
4 timing config:load:defaults Completed in 2ms
5 timing config:load:file:/usr/lib/node_modules/npm/npmrc Completed in 9ms
6 timing config:load:builtin Completed in 10ms
7 timing config:load:cli Completed in 4ms
8 timing config:load:env Completed in 0ms
9 timing config:load:project Completed in 14ms
10 timing config:load:file:/home/cloudshell-user/.npmrc Completed in 0ms
11 timing config:load:user Completed in 1ms
12 timing config:load:file:/usr/etc/npmrc Completed in 0ms
13 timing config:load:global Completed in 0ms
14 timing config:load:validate Completed in 0ms
15 timing config:load:credentials Completed in 1ms
16 timing config:load:setEnvs Completed in 1ms
17 timing config:load Completed in 33ms
18 timing npm:load:configload Completed in 33ms
19 timing npm:load:mkdirpcache Completed in 1ms
20 timing npm:load:mkdirplogs Completed in 1ms
21 verbose title npm install @aws-amplify/cli
22 verbose argv "install" "--global" "@aws-amplify/cli"
23 timing npm:load:setTitle Completed in 1ms
24 timing config:load:flatten Completed in 4ms
25 timing npm:load:display Completed in 5ms
26 verbose logfile logs-max:10 dir:/home/cloudshell-user/.npm/_logs
27 verbose logfile /home/cloudshell-user/.npm/_logs/2023-02-17T03_15_21_266Z-debug-0.log
28 timing npm:load:logFile Completed in 6ms
29 timing npm:load:timers Completed in 0ms
30 timing npm:load:configScope Completed in 0ms
31 timing npm:load Completed in 47ms
32 timing arborist:ctor Completed in 1ms
33 silly logfile done cleaning log files
34 timing idealTree:init Completed in 7ms
35 timing idealTree:userRequests Completed in 3ms
36 silly idealTree buildDeps
37 silly fetch manifest @aws-amplify/cli@*
38 http fetch GET 200 https://registry.npmjs.org/@aws-amplify%2fcli 28ms (cache hit)
39 silly placeDep ROOT @aws-amplify/cli@10.7.3 OK for:  want: *
40 silly fetch manifest axios@^0.26.0
41 silly fetch manifest rimraf@^3.0.2
42 silly fetch manifest tar-stream@^2.2.0
43 http fetch GET 200 https://registry.npmjs.org/rimraf 70ms (cache hit)
44 http fetch GET 200 https://registry.npmjs.org/axios 76ms (cache hit)
45 http fetch GET 200 https://registry.npmjs.org/tar-stream 79ms (cache hit)
46 timing idealTree:#root Completed in 169ms
47 silly placeDep node_modules/@aws-amplify/cli axios@0.26.1 OK for: @aws-amplify/cli@10.7.3 want: ^0.26.0
48 silly placeDep node_modules/@aws-amplify/cli rimraf@3.0.2 OK for: @aws-amplify/cli@10.7.3 want: ^3.0.2
49 silly placeDep node_modules/@aws-amplify/cli tar-stream@2.2.0 OK for: @aws-amplify/cli@10.7.3 want: ^2.2.0
50 silly fetch manifest follow-redirects@^1.14.8
51 silly fetch manifest glob@^7.1.3
52 silly fetch manifest bl@^4.0.3
53 silly fetch manifest end-of-stream@^1.4.1
54 silly fetch manifest fs-constants@^1.0.0
55 silly fetch manifest inherits@^2.0.3
56 silly fetch manifest readable-stream@^3.1.1
57 http fetch GET 200 https://registry.npmjs.org/follow-redirects 84ms (cache hit)
58 http fetch GET 200 https://registry.npmjs.org/glob 85ms (cache hit)
59 http fetch GET 200 https://registry.npmjs.org/bl 89ms (cache hit)
60 http fetch GET 200 https://registry.npmjs.org/end-of-stream 90ms (cache hit)
61 http fetch GET 200 https://registry.npmjs.org/fs-constants 90ms (cache hit)
62 http fetch GET 200 https://registry.npmjs.org/inherits 90ms (cache hit)
63 http fetch GET 200 https://registry.npmjs.org/readable-stream 90ms (cache hit)
64 timing idealTree:node_modules/@aws-amplify/cli Completed in 110ms
65 silly placeDep node_modules/@aws-amplify/cli follow-redirects@1.15.2 OK for: axios@0.26.1 want: ^1.14.8
66 timing idealTree:node_modules/@aws-amplify/cli/node_modules/axios Completed in 3ms
67 timing idealTree:node_modules/@aws-amplify/cli/node_modules/follow-redirects Completed in 0ms
68 silly placeDep node_modules/@aws-amplify/cli glob@7.2.3 OK for: rimraf@3.0.2 want: ^7.1.3
69 silly fetch manifest fs.realpath@^1.0.0
70 silly fetch manifest inflight@^1.0.4
71 silly fetch manifest inherits@2
72 silly fetch manifest minimatch@^3.1.1
73 silly fetch manifest once@^1.3.0
74 silly fetch manifest path-is-absolute@^1.0.0
75 http fetch GET 200 https://registry.npmjs.org/fs.realpath 83ms (cache hit)
76 http fetch GET 200 https://registry.npmjs.org/inflight 83ms (cache hit)
77 http fetch GET 200 https://registry.npmjs.org/minimatch 83ms (cache hit)
78 http fetch GET 200 https://registry.npmjs.org/once 82ms (cache hit)
79 http fetch GET 200 https://registry.npmjs.org/path-is-absolute 82ms (cache hit)
80 timing idealTree:node_modules/@aws-amplify/cli/node_modules/rimraf Completed in 97ms
81 silly placeDep node_modules/@aws-amplify/cli fs.realpath@1.0.0 OK for: glob@7.2.3 want: ^1.0.0
82 silly placeDep node_modules/@aws-amplify/cli inflight@1.0.6 OK for: glob@7.2.3 want: ^1.0.4
83 silly placeDep node_modules/@aws-amplify/cli inherits@2.0.4 OK for: glob@7.2.3 want: 2
84 silly placeDep node_modules/@aws-amplify/cli minimatch@3.1.2 OK for: glob@7.2.3 want: ^3.1.1
85 silly placeDep node_modules/@aws-amplify/cli once@1.4.0 OK for: glob@7.2.3 want: ^1.3.0
86 silly placeDep node_modules/@aws-amplify/cli path-is-absolute@1.0.1 OK for: glob@7.2.3 want: ^1.0.0
87 silly fetch manifest wrappy@1
88 silly fetch manifest brace-expansion@^1.1.7
89 http fetch GET 200 https://registry.npmjs.org/wrappy 64ms (cache hit)
90 http fetch GET 200 https://registry.npmjs.org/brace-expansion 64ms (cache hit)
91 timing idealTree:node_modules/@aws-amplify/cli/node_modules/glob Completed in 81ms
92 timing idealTree:node_modules/@aws-amplify/cli/node_modules/fs.realpath Completed in 0ms
93 silly placeDep node_modules/@aws-amplify/cli wrappy@1.0.2 OK for: inflight@1.0.6 want: 1
94 timing idealTree:node_modules/@aws-amplify/cli/node_modules/inflight Completed in 8ms
95 timing idealTree:node_modules/@aws-amplify/cli/node_modules/inherits Completed in 0ms
96 silly placeDep node_modules/@aws-amplify/cli brace-expansion@1.1.11 OK for: minimatch@3.1.2 want: ^1.1.7
97 silly fetch manifest balanced-match@^1.0.0
98 silly fetch manifest concat-map@0.0.1
99 http fetch GET 200 https://registry.npmjs.org/balanced-match 7ms (cache hit)
100 http fetch GET 200 https://registry.npmjs.org/concat-map 8ms (cache hit)
101 timing idealTree:node_modules/@aws-amplify/cli/node_modules/minimatch Completed in 12ms
102 silly placeDep node_modules/@aws-amplify/cli balanced-match@1.0.2 OK for: brace-expansion@1.1.11 want: ^1.0.0
103 silly placeDep node_modules/@aws-amplify/cli concat-map@0.0.1 OK for: brace-expansion@1.1.11 want: 0.0.1
104 timing idealTree:node_modules/@aws-amplify/cli/node_modules/brace-expansion Completed in 4ms
105 timing idealTree:node_modules/@aws-amplify/cli/node_modules/balanced-match Completed in 0ms
106 timing idealTree:node_modules/@aws-amplify/cli/node_modules/concat-map Completed in 0ms
107 timing idealTree:node_modules/@aws-amplify/cli/node_modules/once Completed in 0ms
108 timing idealTree:node_modules/@aws-amplify/cli/node_modules/path-is-absolute Completed in 0ms
109 silly placeDep node_modules/@aws-amplify/cli bl@4.1.0 OK for: tar-stream@2.2.0 want: ^4.0.3
110 silly placeDep node_modules/@aws-amplify/cli end-of-stream@1.4.4 OK for: tar-stream@2.2.0 want: ^1.4.1
111 silly placeDep node_modules/@aws-amplify/cli fs-constants@1.0.0 OK for: tar-stream@2.2.0 want: ^1.0.0
112 silly placeDep node_modules/@aws-amplify/cli readable-stream@3.6.0 OK for: tar-stream@2.2.0 want: ^3.1.1
113 silly fetch manifest buffer@^5.5.0
114 silly fetch manifest string_decoder@^1.1.1
115 silly fetch manifest util-deprecate@^1.0.1
116 http fetch GET 200 https://registry.npmjs.org/buffer 64ms (cache hit)
117 http fetch GET 200 https://registry.npmjs.org/string_decoder 67ms (cache hit)
118 http fetch GET 200 https://registry.npmjs.org/util-deprecate 17ms (cache hit)
119 timing idealTree:node_modules/@aws-amplify/cli/node_modules/tar-stream Completed in 84ms
120 silly placeDep node_modules/@aws-amplify/cli buffer@5.7.1 OK for: bl@4.1.0 want: ^5.5.0
121 silly fetch manifest base64-js@^1.3.1
122 silly fetch manifest ieee754@^1.1.13
123 http fetch GET 200 https://registry.npmjs.org/base64-js 8ms (cache hit)
124 http fetch GET 200 https://registry.npmjs.org/ieee754 8ms (cache hit)
125 timing idealTree:node_modules/@aws-amplify/cli/node_modules/bl Completed in 13ms
126 silly placeDep node_modules/@aws-amplify/cli base64-js@1.5.1 OK for: buffer@5.7.1 want: ^1.3.1
127 silly placeDep node_modules/@aws-amplify/cli ieee754@1.2.1 OK for: buffer@5.7.1 want: ^1.1.13
128 timing idealTree:node_modules/@aws-amplify/cli/node_modules/buffer Completed in 13ms
129 timing idealTree:node_modules/@aws-amplify/cli/node_modules/base64-js Completed in 0ms
130 timing idealTree:node_modules/@aws-amplify/cli/node_modules/end-of-stream Completed in 0ms
131 timing idealTree:node_modules/@aws-amplify/cli/node_modules/fs-constants Completed in 0ms
132 timing idealTree:node_modules/@aws-amplify/cli/node_modules/ieee754 Completed in 0ms
133 silly placeDep node_modules/@aws-amplify/cli string_decoder@1.3.0 OK for: readable-stream@3.6.0 want: ^1.1.1
134 silly placeDep node_modules/@aws-amplify/cli util-deprecate@1.0.2 OK for: readable-stream@3.6.0 want: ^1.0.1
135 silly fetch manifest safe-buffer@~5.2.0
136 http fetch GET 200 https://registry.npmjs.org/safe-buffer 56ms (cache hit)
137 timing idealTree:node_modules/@aws-amplify/cli/node_modules/readable-stream Completed in 62ms
138 silly placeDep node_modules/@aws-amplify/cli safe-buffer@5.2.1 OK for: string_decoder@1.3.0 want: ~5.2.0
139 timing idealTree:node_modules/@aws-amplify/cli/node_modules/string_decoder Completed in 2ms
140 timing idealTree:node_modules/@aws-amplify/cli/node_modules/safe-buffer Completed in 0ms
141 timing idealTree:node_modules/@aws-amplify/cli/node_modules/util-deprecate Completed in 0ms
142 timing idealTree:node_modules/@aws-amplify/cli/node_modules/wrappy Completed in 0ms
143 timing idealTree:buildDeps Completed in 659ms
144 timing idealTree:fixDepFlags Completed in 2ms
145 timing idealTree Completed in 672ms
146 timing reify:loadTrees Completed in 680ms
147 timing reify:diffTrees Completed in 3ms
148 silly reify moves {}
149 timing reify:retireShallow Completed in 2ms
150 timing reify:rollback:createSparse Completed in 0ms
151 timing reify:rollback:retireShallow Completed in 0ms
152 timing command:install Completed in 719ms
153 verbose stack Error: EACCES: permission denied, mkdir '/usr/lib/node_modules/@aws-amplify'
154 verbose cwd /home/cloudshell-user/AwsExam
155 verbose Linux 5.10.162-141.675.amzn2.x86_64
156 verbose node v16.18.1
157 verbose npm  v8.19.2
158 error code EACCES
159 error syscall mkdir
160 error path /usr/lib/node_modules/@aws-amplify
161 error errno -13
162 error [Error: EACCES: permission denied, mkdir '/usr/lib/node_modules/@aws-amplify'] {
162 error   errno: -13,
162 error   code: 'EACCES',
162 error   syscall: 'mkdir',
162 error   path: '/usr/lib/node_modules/@aws-amplify'
162 error }
163 error
163 error The operation was rejected by your operating system.
163 error It is likely you do not have the permissions to access this file as the current user
163 error
163 error If you believe this might be a permissions issue, please double-check the
163 error permissions of the file and its containing directories, or try running
163 error the command again as root/Administrator.
164 verbose exit -13
165 timing npm Completed in 868ms
166 verbose unfinished npm timer reify 1676603721409
167 verbose unfinished npm timer reify:createSparse 1676603722106
168 verbose code -13
169 error A complete log of this run can be found in:
169 error     /home/cloudshell-user/.npm/_logs/2023-02-17T03_15_21_266Z-debug-0.log
